Using device: cuda
  Demo encoding (gender): {'M': 0, 'F': 1}
  Tokenizing 15594 essays...
  Tokenization complete.
  Tokenizing 10402 essays...
  Tokenization complete.

--- PERSUADE Before Projection ---
  MSE:             711.8704
  QWK:             0.8653
  Exact Agreement: 0.6748
  SMD:             0.1864

Extracting hidden states...
Computing bias direction...
Projecting regression weights...

--- PERSUADE After Projection ---
  MSE:             6431.6667
  QWK:             0.0692
  Exact Agreement: 0.1818
  SMD:             0.9676

Saved projected model to best_longformer_persuade_projected.pt
