Using device: cuda
  Demo encoding (gender): {'M': 0, 'F': 1}
  Tokenizing 17289 essays...
  Tokenization complete.
  Tokenizing 7411 essays...
  Tokenization complete.

--- ASAP Before Projection ---
  MSE:             592.9655
  QWK:             0.7890
  Exact Agreement: 0.6465
  SMD:             0.3318

Extracting hidden states...
Computing bias direction...
Projecting regression weights...

--- ASAP After Projection ---
  MSE:             2274.6703
  QWK:             0.2156
  Exact Agreement: 0.3006
  SMD:             0.5663

Saved projected model to best_longformer_asap_projected.pt
