Using device: cuda

============================================================
  Probing: pt/best_longformer_persuade_projected_base.pt
  Dataset: PERSUADE
============================================================
  Loading cached tokens from cache/persuade_train_tokens.pt
  Loading cached tokens from cache/persuade_test_tokens.pt
  Extracting features for 15594 essays...
    batch 0/975
    batch 50/975
    batch 100/975
    batch 150/975
    batch 200/975
    batch 250/975
    batch 300/975
    batch 350/975
    batch 400/975
    batch 450/975
    batch 500/975
    batch 550/975
    batch 600/975
    batch 650/975
    batch 700/975
    batch 750/975
    batch 800/975
    batch 850/975
    batch 900/975
    batch 950/975
  Cached features to cache/persuade_best_longformer_persuade_projected_base_train_features.pt
  Extracting features for 10402 essays...
    batch 0/651
    batch 50/651
    batch 100/651
    batch 150/651
    batch 200/651
    batch 250/651
    batch 300/651
    batch 350/651
    batch 400/651
    batch 450/651
    batch 500/651
    batch 550/651
    batch 600/651
    batch 650/651
  Cached features to cache/persuade_best_longformer_persuade_projected_base_test_features.pt

  -- gender --
  [gender] Epoch 01 | Dev κ: 0.2324
  [gender] Epoch 02 | Dev κ: 0.0944
  [gender] Epoch 03 | Dev κ: 0.1122
  [gender] Epoch 04 | Dev κ: 0.1913
  [gender] Epoch 05 | Dev κ: 0.2152
  [gender] Epoch 06 | Dev κ: 0.2395
  [gender] Epoch 07 | Dev κ: 0.2250
  [gender] Epoch 08 | Dev κ: 0.2510
  [gender] Epoch 09 | Dev κ: 0.2489
  [gender] Epoch 10 | Dev κ: 0.2537
  [gender] Epoch 11 | Dev κ: 0.2819
  [gender] Epoch 12 | Dev κ: 0.2668
  [gender] Epoch 13 | Dev κ: 0.2976
  [gender] Epoch 14 | Dev κ: 0.1945
  [gender] Epoch 15 | Dev κ: 0.3139
  [gender] Epoch 16 | Dev κ: 0.2494
  [gender] Epoch 17 | Dev κ: 0.3128
  [gender] Epoch 18 | Dev κ: 0.3064
  [gender] Epoch 19 | Dev κ: 0.2640
  [gender] Epoch 20 | Dev κ: 0.3101
  Early stopping at epoch 20.
  gender: κ = 0.2675

  -- race --
  [race (White)] Epoch 01 | Dev κ: 0.2878
  [race (White)] Epoch 02 | Dev κ: 0.1299
  [race (White)] Epoch 03 | Dev κ: 0.1904
  [race (White)] Epoch 04 | Dev κ: 0.2904
  [race (White)] Epoch 05 | Dev κ: 0.2434
  [race (White)] Epoch 06 | Dev κ: 0.3139
  [race (White)] Epoch 07 | Dev κ: 0.2193
  [race (White)] Epoch 08 | Dev κ: 0.3260
  [race (White)] Epoch 09 | Dev κ: 0.3118
  [race (White)] Epoch 10 | Dev κ: 0.3007
  [race (White)] Epoch 11 | Dev κ: 0.3025
  [race (White)] Epoch 12 | Dev κ: 0.2035
  [race (White)] Epoch 13 | Dev κ: 0.2819
  Early stopping at epoch 13.
  race (White): κ = 0.3091
  [race (Hispanic/Latino)] Epoch 01 | Dev κ: 0.0276
  [race (Hispanic/Latino)] Epoch 02 | Dev κ: 0.2246
  [race (Hispanic/Latino)] Epoch 03 | Dev κ: 0.1020
  [race (Hispanic/Latino)] Epoch 04 | Dev κ: 0.0633
  [race (Hispanic/Latino)] Epoch 05 | Dev κ: 0.2290
  [race (Hispanic/Latino)] Epoch 06 | Dev κ: 0.1964
  [race (Hispanic/Latino)] Epoch 07 | Dev κ: 0.0816
  [race (Hispanic/Latino)] Epoch 08 | Dev κ: 0.1116
  [race (Hispanic/Latino)] Epoch 09 | Dev κ: 0.0979
  [race (Hispanic/Latino)] Epoch 10 | Dev κ: 0.2497
  [race (Hispanic/Latino)] Epoch 11 | Dev κ: 0.2333
  [race (Hispanic/Latino)] Epoch 12 | Dev κ: 0.1754
  [race (Hispanic/Latino)] Epoch 13 | Dev κ: 0.1854
  [race (Hispanic/Latino)] Epoch 14 | Dev κ: 0.2562
  [race (Hispanic/Latino)] Epoch 15 | Dev κ: 0.2399
  [race (Hispanic/Latino)] Epoch 16 | Dev κ: 0.1746
  [race (Hispanic/Latino)] Epoch 17 | Dev κ: 0.2026
  [race (Hispanic/Latino)] Epoch 18 | Dev κ: 0.1405
  [race (Hispanic/Latino)] Epoch 19 | Dev κ: 0.2109
  Early stopping at epoch 19.
  race (Hispanic/Latino): κ = 0.2003
  [race (Black/African American)] Epoch 01 | Dev κ: 0.1106
  [race (Black/African American)] Epoch 02 | Dev κ: 0.1343
  [race (Black/African American)] Epoch 03 | Dev κ: 0.2129
  [race (Black/African American)] Epoch 04 | Dev κ: 0.2543
  [race (Black/African American)] Epoch 05 | Dev κ: 0.1828
  [race (Black/African American)] Epoch 06 | Dev κ: 0.1940
  [race (Black/African American)] Epoch 07 | Dev κ: 0.2389
  [race (Black/African American)] Epoch 08 | Dev κ: 0.1782
  [race (Black/African American)] Epoch 09 | Dev κ: 0.2115
  Early stopping at epoch 9.
  race (Black/African American): κ = 0.2239
  [race (Asian/Pacific Islander)] Epoch 01 | Dev κ: -0.0097
  [race (Asian/Pacific Islander)] Epoch 02 | Dev κ: 0.0000
  [race (Asian/Pacific Islander)] Epoch 03 | Dev κ: 0.0130
  [race (Asian/Pacific Islander)] Epoch 04 | Dev κ: 0.0458
  [race (Asian/Pacific Islander)] Epoch 05 | Dev κ: 0.1328
  [race (Asian/Pacific Islander)] Epoch 06 | Dev κ: 0.1703
  [race (Asian/Pacific Islander)] Epoch 07 | Dev κ: 0.0726
  [race (Asian/Pacific Islander)] Epoch 08 | Dev κ: 0.0807
  [race (Asian/Pacific Islander)] Epoch 09 | Dev κ: 0.1348
  [race (Asian/Pacific Islander)] Epoch 10 | Dev κ: 0.1473
  [race (Asian/Pacific Islander)] Epoch 11 | Dev κ: 0.0672
  Early stopping at epoch 11.
  race (Asian/Pacific Islander): κ = 0.1944

  -- ell --
  [ell] Epoch 01 | Dev κ: 0.3993
  [ell] Epoch 02 | Dev κ: 0.3720
  [ell] Epoch 03 | Dev κ: 0.2613
  [ell] Epoch 04 | Dev κ: 0.4636
  [ell] Epoch 05 | Dev κ: 0.4173
  [ell] Epoch 06 | Dev κ: 0.3924
  [ell] Epoch 07 | Dev κ: 0.3000
  [ell] Epoch 08 | Dev κ: 0.4914
  [ell] Epoch 09 | Dev κ: 0.4292
  [ell] Epoch 10 | Dev κ: 0.4689
  [ell] Epoch 11 | Dev κ: 0.4505
  [ell] Epoch 12 | Dev κ: 0.2773
  [ell] Epoch 13 | Dev κ: 0.4315
  Early stopping at epoch 13.
  ell: κ = 0.4823

  -- ses --
  [ses] Epoch 01 | Dev κ: 0.3056
  [ses] Epoch 02 | Dev κ: 0.2946
  [ses] Epoch 03 | Dev κ: 0.3299
  [ses] Epoch 04 | Dev κ: 0.2213
  [ses] Epoch 05 | Dev κ: 0.3235
  [ses] Epoch 06 | Dev κ: 0.2953
  [ses] Epoch 07 | Dev κ: 0.3193
  [ses] Epoch 08 | Dev κ: 0.2912
  Early stopping at epoch 8.
  ses: κ = 0.3176

  -- disability --
  [disability] Epoch 01 | Dev κ: 0.2207
  [disability] Epoch 02 | Dev κ: 0.2264
  [disability] Epoch 03 | Dev κ: 0.2557
  [disability] Epoch 04 | Dev κ: 0.2532
  [disability] Epoch 05 | Dev κ: 0.2576
  [disability] Epoch 06 | Dev κ: 0.2689
  [disability] Epoch 07 | Dev κ: 0.2267
  [disability] Epoch 08 | Dev κ: 0.2171
  [disability] Epoch 09 | Dev κ: 0.2541
  [disability] Epoch 10 | Dev κ: 0.2573
  [disability] Epoch 11 | Dev κ: 0.2356
  Early stopping at epoch 11.
  disability: κ = 0.3478

============================================================
  Summary: pt/best_longformer_persuade_projected_base.pt
============================================================
  gender                                   κ = 0.2675
  race (White)                             κ = 0.3091
  race (Hispanic/Latino)                   κ = 0.2003
  race (Black/African American)            κ = 0.2239
  race (Asian/Pacific Islander)            κ = 0.1944
  ell                                      κ = 0.4823
  ses                                      κ = 0.3176
  disability                               κ = 0.3478
